The system is: Windows - 10.0.19043 - AMD64
Compiling the CXX compiler identification source file "CMakeCXXCompilerId.cpp" succeeded.
Compiler:  
Build flags: 
Id flags:  

The output was:
0
Microsoft (R) Build Engine ўҐабЁЁ 17.2.1+52cd2da31 ¤«п .NET Framework
(C) Љ®аЇ®а жЁп Њ ©Єа®б®дв (Microsoft Corporation). ‚бҐ Їа ў  § йЁйҐ­л.

‘Ў®аЄ  ­ з в  10.10.2022 19:56:22.
Џа®ҐЄв "C:\Users\purpl\Desktop\Internet Explorer\‚“‡\Љ®¬ЇмовҐа­ п Ја дЁЄ \‹ Ў2\CMakeFiles\3.24.2\CompilerIdCXX\CompilerIdCXX.vcxproj" ў г§«Ґ 1 (жҐ«ҐўлҐ ®ЎкҐЄвл Ї® г¬®«з ­Ёо).
PrepareForBuild:
  ‘®§¤ ­ЁҐ Є в «®Ј  "Debug\".
  ‘®§¤ ­ЁҐ Є в «®Ј  "Debug\CompilerIdCXX.tlog\".
InitializeBuildStatus:
  ‘®§¤ ­ЁҐ "Debug\CompilerIdCXX.tlog\unsuccessfulbuild", в Є Є Є Ўл«® § ¤ ­® "AlwaysCreate".
ClCompile:
  C:\Program Files\Microsoft Visual Studio\2022\Community\VC\Tools\MSVC\14.32.31326\bin\HostX64\x86\CL.exe /c /nologo /W0 /WX- /diagnostics:column /Od /Oy- /D _MBCS /Gm- /EHsc /RTC1 /MDd /GS /fp:precise /Zc:wchar_t /Zc:forScope /Zc:inline /Fo"Debug\\" /Fd"Debug\vc143.pdb" /external:W0 /Gd /TP /analyze- /FC /errorReport:queue CMakeCXXCompilerId.cpp
  CMakeCXXCompilerId.cpp
Link:
  C:\Program Files\Microsoft Visual Studio\2022\Community\VC\Tools\MSVC\14.32.31326\bin\HostX64\x86\link.exe /ERRORREPORT:QUEUE /OUT:".\CompilerIdCXX.exe" /INCREMENTAL:NO /NOLOGO kernel32.lib user32.lib gdi32.lib winspool.lib comdlg32.lib advapi32.lib shell32.lib ole32.lib oleaut32.lib uuid.lib odbc32.lib odbccp32.lib /MANIFEST /MANIFESTUAC:"level='asInvoker' uiAccess='false'" /manifest:embed /PDB:".\CompilerIdCXX.pdb" /SUBSYSTEM:CONSOLE /TLBID:1 /DYNAMICBASE /NXCOMPAT /IMPLIB:".\CompilerIdCXX.lib" /MACHINE:X86 /SAFESEH Debug\CMakeCXXCompilerId.obj
  CompilerIdCXX.vcxproj -> C:\Users\purpl\Desktop\Internet Explorer\‚“‡\Љ®¬ЇмовҐа­ п Ја дЁЄ \‹ Ў2\CMakeFiles\3.24.2\CompilerIdCXX\CompilerIdCXX.exe
PostBuildEvent:
  for %%i in (cl.exe) do @echo CMAKE_CXX_COMPILER=%%~$PATH:i
  :VCEnd
  CMAKE_CXX_COMPILER=C:\Program Files\Microsoft Visual Studio\2022\Community\VC\Tools\MSVC\14.32.31326\bin\Hostx64\x86\cl.exe
FinalizeBuildStatus:
  ” ©« "Debug\CompilerIdCXX.tlog\unsuccessfulbuild" г¤ «пҐвбп.
  ЋЎа йҐ­ЁҐ Є "Debug\CompilerIdCXX.tlog\CompilerIdCXX.lastbuildstate".
‘Ў®аЄ  Їа®ҐЄв  "C:\Users\purpl\Desktop\Internet Explorer\‚“‡\Љ®¬ЇмовҐа­ п Ја дЁЄ \‹ Ў2\CMakeFiles\3.24.2\CompilerIdCXX\CompilerIdCXX.vcxproj" § ўҐаиҐ­  (жҐ«ҐўлҐ ®ЎкҐЄвл Ї® г¬®«з ­Ёо).

‘Ў®аЄ  гбЇҐи­® § ўҐаиҐ­ .
    ЏаҐ¤гЇаҐ¦¤Ґ­Ё©: 0
    ЋиЁЎ®Є: 0

Џа®и«® ўаҐ¬Ґ­Ё 00:00:00.62


Compilation of the CXX compiler identification source "CMakeCXXCompilerId.cpp" produced "CompilerIdCXX.exe"

Compilation of the CXX compiler identification source "CMakeCXXCompilerId.cpp" produced "CompilerIdCXX.vcxproj"

The CXX compiler identification is MSVC, found in "C:/Users/purpl/Desktop/Internet Explorer/ВУЗ/Компьютерная графика/Лаб2/CMakeFiles/3.24.2/CompilerIdCXX/CompilerIdCXX.exe"

Detecting CXX compiler ABI info compiled with the following output:
Change Dir: C:/Users/purpl/Desktop/Internet Explorer/ВУЗ/Компьютерная графика/Лаб2//CMakeFiles/CMakeTmp

Run Build Command(s):C:/Program Files/Microsoft Visual Studio/2022/Community/MSBuild/Current/Bin/amd64/MSBuild.exe cmTC_18be3.vcxproj /p:Configuration=Debug /p:Platform=Win32 /p:VisualStudioVersion=17.0 /v:m && Microsoft (R) Build Engine ўҐабЁЁ 17.2.1+52cd2da31 ¤«п .NET Framework
(C) Љ®аЇ®а жЁп Њ ©Єа®б®дв (Microsoft Corporation). ‚бҐ Їа ў  § йЁйҐ­л.

  ЋЇвЁ¬Ё§ЁагойЁ© Є®¬ЇЁ«пв®а Microsoft (R) C/C++ ўҐабЁЁ 19.32.31329 ¤«п x86
  CMakeCXXCompilerABI.cpp
  (C) Љ®аЇ®а жЁп Њ ©Єа®б®дв (Microsoft Corporation).  ‚бҐ Їа ў  § йЁйҐ­л.
  cl /c /Zi /W3 /WX- /diagnostics:column /Od /Ob0 /Oy- /D _MBCS /D WIN32 /D _WINDOWS /D "CMAKE_INTDIR=\"Debug\"" /Gm- /EHsc /RTC1 /MDd /GS /fp:precise /Zc:wchar_t /Zc:forScope /Zc:inline /GR /Fo"cmTC_18be3.dir\Debug\\" /Fd"cmTC_18be3.dir\Debug\vc143.pdb" /external:W3 /Gd /TP /analyze- /errorReport:queue "C:\Program Files\CMake\share\cmake-3.24\Modules\CMakeCXXCompilerABI.cpp"
  cmTC_18be3.vcxproj -> C:\Users\purpl\Desktop\Internet Explorer\‚“‡\Љ®¬ЇмовҐа­ п Ја дЁЄ \‹ Ў2\CMakeFiles\CMakeTmp\Debug\cmTC_18be3.exe



Compiling the C compiler identification source file "CMakeCCompilerId.c" succeeded.
Compiler:  
Build flags: 
Id flags:  

The output was:
0
Microsoft (R) Build Engine ўҐабЁЁ 17.2.1+52cd2da31 ¤«п .NET Framework
(C) Љ®аЇ®а жЁп Њ ©Єа®б®дв (Microsoft Corporation). ‚бҐ Їа ў  § йЁйҐ­л.

‘Ў®аЄ  ­ з в  10.10.2022 19:56:23.
Џа®ҐЄв "C:\Users\purpl\Desktop\Internet Explorer\‚“‡\Љ®¬ЇмовҐа­ п Ја дЁЄ \‹ Ў2\CMakeFiles\3.24.2\CompilerIdC\CompilerIdC.vcxproj" ў г§«Ґ 1 (жҐ«ҐўлҐ ®ЎкҐЄвл Ї® г¬®«з ­Ёо).
PrepareForBuild:
  ‘®§¤ ­ЁҐ Є в «®Ј  "Debug\".
  ‘®§¤ ­ЁҐ Є в «®Ј  "Debug\CompilerIdC.tlog\".
InitializeBuildStatus:
  ‘®§¤ ­ЁҐ "Debug\CompilerIdC.tlog\unsuccessfulbuild", в Є Є Є Ўл«® § ¤ ­® "AlwaysCreate".
ClCompile:
  C:\Program Files\Microsoft Visual Studio\2022\Community\VC\Tools\MSVC\14.32.31326\bin\HostX64\x86\CL.exe /c /nologo /W0 /WX- /diagnostics:column /Od /Oy- /D _MBCS /Gm- /EHsc /RTC1 /MDd /GS /fp:precise /Zc:wchar_t /Zc:forScope /Zc:inline /Fo"Debug\\" /Fd"Debug\vc143.pdb" /external:W0 /Gd /TC /analyze- /FC /errorReport:queue CMakeCCompilerId.c
  CMakeCCompilerId.c
Link:
  C:\Program Files\Microsoft Visual Studio\2022\Community\VC\Tools\MSVC\14.32.31326\bin\HostX64\x86\link.exe /ERRORREPORT:QUEUE /OUT:".\CompilerIdC.exe" /INCREMENTAL:NO /NOLOGO kernel32.lib user32.lib gdi32.lib winspool.lib comdlg32.lib advapi32.lib shell32.lib ole32.lib oleaut32.lib uuid.lib odbc32.lib odbccp32.lib /MANIFEST /MANIFESTUAC:"level='asInvoker' uiAccess='false'" /manifest:embed /PDB:".\CompilerIdC.pdb" /SUBSYSTEM:CONSOLE /TLBID:1 /DYNAMICBASE /NXCOMPAT /IMPLIB:".\CompilerIdC.lib" /MACHINE:X86 /SAFESEH Debug\CMakeCCompilerId.obj
  CompilerIdC.vcxproj -> C:\Users\purpl\Desktop\Internet Explorer\‚“‡\Љ®¬ЇмовҐа­ п Ја дЁЄ \‹ Ў2\CMakeFiles\3.24.2\CompilerIdC\CompilerIdC.exe
PostBuildEvent:
  for %%i in (cl.exe) do @echo CMAKE_C_COMPILER=%%~$PATH:i
  :VCEnd
  CMAKE_C_COMPILER=C:\Program Files\Microsoft Visual Studio\2022\Community\VC\Tools\MSVC\14.32.31326\bin\Hostx64\x86\cl.exe
FinalizeBuildStatus:
  ” ©« "Debug\CompilerIdC.tlog\unsuccessfulbuild" г¤ «пҐвбп.
  ЋЎа йҐ­ЁҐ Є "Debug\CompilerIdC.tlog\CompilerIdC.lastbuildstate".
‘Ў®аЄ  Їа®ҐЄв  "C:\Users\purpl\Desktop\Internet Explorer\‚“‡\Љ®¬ЇмовҐа­ п Ја дЁЄ \‹ Ў2\CMakeFiles\3.24.2\CompilerIdC\CompilerIdC.vcxproj" § ўҐаиҐ­  (жҐ«ҐўлҐ ®ЎкҐЄвл Ї® г¬®«з ­Ёо).

‘Ў®аЄ  гбЇҐи­® § ўҐаиҐ­ .
    ЏаҐ¤гЇаҐ¦¤Ґ­Ё©: 0
    ЋиЁЎ®Є: 0

Џа®и«® ўаҐ¬Ґ­Ё 00:00:00.49


Compilation of the C compiler identification source "CMakeCCompilerId.c" produced "CompilerIdC.exe"

Compilation of the C compiler identification source "CMakeCCompilerId.c" produced "CompilerIdC.vcxproj"

The C compiler identification is MSVC, found in "C:/Users/purpl/Desktop/Internet Explorer/ВУЗ/Компьютерная графика/Лаб2/CMakeFiles/3.24.2/CompilerIdC/CompilerIdC.exe"

Detecting C compiler ABI info compiled with the following output:
Change Dir: C:/Users/purpl/Desktop/Internet Explorer/ВУЗ/Компьютерная графика/Лаб2//CMakeFiles/CMakeTmp

Run Build Command(s):C:/Program Files/Microsoft Visual Studio/2022/Community/MSBuild/Current/Bin/amd64/MSBuild.exe cmTC_7be0a.vcxproj /p:Configuration=Debug /p:Platform=Win32 /p:VisualStudioVersion=17.0 /v:m && Microsoft (R) Build Engine ўҐабЁЁ 17.2.1+52cd2da31 ¤«п .NET Framework
(C) Љ®аЇ®а жЁп Њ ©Єа®б®дв (Microsoft Corporation). ‚бҐ Їа ў  § йЁйҐ­л.

  ЋЇвЁ¬Ё§ЁагойЁ© Є®¬ЇЁ«пв®а Microsoft (R) C/C++ ўҐабЁЁ 19.32.31329 ¤«п x86
  CMakeCCompilerABI.c
  (C) Љ®аЇ®а жЁп Њ ©Єа®б®дв (Microsoft Corporation).  ‚бҐ Їа ў  § йЁйҐ­л.
  cl /c /Zi /W3 /WX- /diagnostics:column /Od /Ob0 /Oy- /D _MBCS /D WIN32 /D _WINDOWS /D "CMAKE_INTDIR=\"Debug\"" /Gm- /RTC1 /MDd /GS /fp:precise /Zc:wchar_t /Zc:forScope /Zc:inline /Fo"cmTC_7be0a.dir\Debug\\" /Fd"cmTC_7be0a.dir\Debug\vc143.pdb" /external:W3 /Gd /TC /analyze- /errorReport:queue "C:\Program Files\CMake\share\cmake-3.24\Modules\CMakeCCompilerABI.c"
  cmTC_7be0a.vcxproj -> C:\Users\purpl\Desktop\Internet Explorer\‚“‡\Љ®¬ЇмовҐа­ п Ја дЁЄ \‹ Ў2\CMakeFiles\CMakeTmp\Debug\cmTC_7be0a.exe



